<?xml version="1.0" encoding="UTF-8"?>
<coverage generated="1756082330288" clover="3.2.0">
  <project timestamp="1756082330288" name="All files">
    <metrics statements="192" coveredstatements="114" conditionals="4020" coveredconditionals="511" methods="1400" coveredmethods="263" elements="5612" coveredelements="888" complexity="0" loc="192" ncloc="192" packages="6" files="7" classes="7"/>
    <package name="generated.prisma">
      <metrics statements="67" coveredstatements="62" conditionals="8" coveredconditionals="4" methods="1" coveredmethods="0"/>
      <file name="index.js" path="/Users/vtu/Documents/CyberSoft/NodeJS/class-demo/cybersoft-nodejs-51/exercises/express-js/generated/prisma/index.js">
        <metrics statements="67" coveredstatements="62" conditionals="8" coveredconditionals="4" methods="1" coveredmethods="0"/>
        <line num="5" count="1" type="stmt"/>
        <line num="29" count="1" type="stmt"/>
        <line num="32" count="1" type="stmt"/>
        <line num="34" count="1" type="stmt"/>
        <line num="35" count="1" type="stmt"/>
        <line num="41" count="1" type="stmt"/>
        <line num="46" count="1" type="stmt"/>
        <line num="47" count="1" type="stmt"/>
        <line num="48" count="1" type="stmt"/>
        <line num="49" count="1" type="stmt"/>
        <line num="50" count="1" type="stmt"/>
        <line num="51" count="1" type="stmt"/>
        <line num="56" count="1" type="stmt"/>
        <line num="57" count="1" type="stmt"/>
        <line num="58" count="1" type="stmt"/>
        <line num="59" count="1" type="stmt"/>
        <line num="60" count="1" type="stmt"/>
        <line num="65" count="1" type="stmt"/>
        <line num="66" count="1" type="stmt"/>
        <line num="71" count="1" type="stmt"/>
        <line num="72" count="1" type="stmt"/>
        <line num="73" count="1" type="stmt"/>
        <line num="75" count="1" type="stmt"/>
        <line num="84" count="1" type="stmt"/>
        <line num="89" count="1" type="stmt"/>
        <line num="96" count="1" type="stmt"/>
        <line num="110" count="1" type="stmt"/>
        <line num="121" count="1" type="stmt"/>
        <line num="132" count="1" type="stmt"/>
        <line num="144" count="1" type="stmt"/>
        <line num="156" count="1" type="stmt"/>
        <line num="169" count="1" type="stmt"/>
        <line num="181" count="1" type="stmt"/>
        <line num="193" count="1" type="stmt"/>
        <line num="202" count="1" type="stmt"/>
        <line num="218" count="1" type="stmt"/>
        <line num="223" count="1" type="stmt"/>
        <line num="228" count="1" type="stmt"/>
        <line num="234" count="1" type="stmt"/>
        <line num="238" count="1" type="stmt"/>
        <line num="242" count="1" type="stmt"/>
        <line num="247" count="1" type="stmt"/>
        <line num="254" count="1" type="stmt"/>
        <line num="259" count="1" type="stmt"/>
        <line num="269" count="1" type="stmt"/>
        <line num="284" count="1" type="stmt"/>
        <line num="334" count="1" type="stmt"/>
        <line num="336" count="1" type="stmt"/>
        <line num="337" count="1" type="cond" truecount="1" falsecount="1"/>
        <line num="338" count="0" type="stmt"/>
        <line num="343" count="0" type="cond" truecount="0" falsecount="2"/>
        <line num="344" count="0" type="stmt"/>
        <line num="347" count="0" type="stmt"/>
        <line num="348" count="0" type="stmt"/>
        <line num="351" count="1" type="stmt"/>
        <line num="352" count="1" type="stmt"/>
        <line num="353" count="1" type="stmt"/>
        <line num="354" count="1" type="stmt"/>
        <line num="357" count="1" type="stmt"/>
        <line num="359" count="1" type="stmt"/>
        <line num="364" count="1" type="stmt"/>
        <line num="365" count="1" type="stmt"/>
        <line num="366" count="1" type="stmt"/>
        <line num="369" count="1" type="stmt"/>
        <line num="370" count="1" type="stmt"/>
        <line num="372" count="1" type="stmt"/>
        <line num="373" count="1" type="stmt"/>
      </file>
    </package>
    <package name="generated.prisma.runtime">
      <metrics statements="50" coveredstatements="29" conditionals="3992" coveredconditionals="506" methods="1383" coveredmethods="262"/>
      <file name="library.js" path="/Users/vtu/Documents/CyberSoft/NodeJS/class-demo/cybersoft-nodejs-51/exercises/express-js/generated/prisma/runtime/library.js">
        <metrics statements="50" coveredstatements="29" conditionals="3992" coveredconditionals="506" methods="1383" coveredmethods="262"/>
        <line num="4" count="991" type="cond" truecount="70" falsecount="106"/>
        <line num="5" count="20" type="cond" truecount="2" falsecount="2"/>
        <line num="6" count="40" type="cond" truecount="58" falsecount="132"/>
        <line num="7" count="8" type="cond" truecount="9" falsecount="181"/>
        <line num="8" count="3" type="cond" truecount="5" falsecount="34"/>
        <line num="9" count="1" type="cond" truecount="39" falsecount="149"/>
        <line num="12" count="1" type="cond" truecount="1" falsecount="10"/>
        <line num="14" count="0" type="cond" truecount="0" falsecount="6"/>
        <line num="15" count="20" type="cond" truecount="11" falsecount="21"/>
        <line num="16" count="1" type="cond" truecount="2" falsecount="12"/>
        <line num="18" count="0" type="stmt"/>
        <line num="22" count="0" type="cond" truecount="0" falsecount="4"/>
        <line num="24" count="292" type="cond" truecount="98" falsecount="1257"/>
        <line num="25" count="0" type="stmt"/>
        <line num="26" count="0" type="stmt"/>
        <line num="27" count="0" type="stmt"/>
        <line num="28" count="1" type="cond" truecount="0" falsecount="40"/>
        <line num="29" count="1" type="cond" truecount="0" falsecount="39"/>
        <line num="30" count="1" type="cond" truecount="0" falsecount="75"/>
        <line num="31" count="3" type="cond" truecount="1" falsecount="137"/>
        <line num="32" count="67" type="cond" truecount="42" falsecount="260"/>
        <line num="33" count="1" type="stmt"/>
        <line num="34" count="36" type="cond" truecount="11" falsecount="256"/>
        <line num="36" count="1" type="cond" truecount="3" falsecount="11"/>
        <line num="38" count="0" type="stmt"/>
        <line num="39" count="0" type="stmt"/>
        <line num="40" count="0" type="stmt"/>
        <line num="45" count="0" type="stmt"/>
        <line num="46" count="0" type="cond" truecount="0" falsecount="2"/>
        <line num="48" count="0" type="stmt"/>
        <line num="55" count="0" type="stmt"/>
        <line num="60" count="0" type="stmt"/>
        <line num="67" count="1" type="cond" truecount="10" falsecount="21"/>
        <line num="68" count="0" type="stmt"/>
        <line num="69" count="1" type="cond" truecount="0" falsecount="7"/>
        <line num="72" count="0" type="stmt"/>
        <line num="104" count="0" type="stmt"/>
        <line num="113" count="1" type="cond" truecount="9" falsecount="118"/>
        <line num="114" count="6" type="cond" truecount="19" falsecount="140"/>
        <line num="115" count="1" type="cond" truecount="19" falsecount="37"/>
        <line num="116" count="1" type="cond" truecount="0" falsecount="29"/>
        <line num="117" count="1" type="cond" truecount="19" falsecount="58"/>
        <line num="124" count="13" type="cond" truecount="25" falsecount="122"/>
        <line num="125" count="1" type="cond" truecount="0" falsecount="14"/>
        <line num="126" count="0" type="cond" truecount="0" falsecount="6"/>
        <line num="127" count="0" type="cond" truecount="0" falsecount="2"/>
        <line num="128" count="0" type="cond" truecount="0" falsecount="16"/>
        <line num="129" count="0" type="cond" truecount="0" falsecount="78"/>
        <line num="133" count="1" type="cond" truecount="48" falsecount="93"/>
        <line num="134" count="1" type="cond" truecount="5" falsecount="7"/>
      </file>
    </package>
    <package name="src.common.constants">
      <metrics statements="9" coveredstatements="9" conditionals="0" coveredconditionals="0" methods="0" coveredmethods="0"/>
      <file name="app.constant.js" path="/Users/vtu/Documents/CyberSoft/NodeJS/class-demo/cybersoft-nodejs-51/exercises/express-js/src/common/constants/app.constant.js">
        <metrics statements="9" coveredstatements="9" conditionals="0" coveredconditionals="0" methods="0" coveredmethods="0"/>
        <line num="7" count="1" type="stmt"/>
        <line num="9" count="1" type="stmt"/>
        <line num="10" count="1" type="stmt"/>
        <line num="12" count="1" type="stmt"/>
        <line num="13" count="1" type="stmt"/>
        <line num="15" count="1" type="stmt"/>
        <line num="16" count="1" type="stmt"/>
        <line num="17" count="1" type="stmt"/>
        <line num="19" count="1" type="stmt"/>
      </file>
    </package>
    <package name="src.common.helpers">
      <metrics statements="6" coveredstatements="0" conditionals="3" coveredconditionals="0" methods="3" coveredmethods="0"/>
      <file name="exception.helper.js" path="/Users/vtu/Documents/CyberSoft/NodeJS/class-demo/cybersoft-nodejs-51/exercises/express-js/src/common/helpers/exception.helper.js">
        <metrics statements="6" coveredstatements="0" conditionals="3" coveredconditionals="0" methods="3" coveredmethods="0"/>
        <line num="3" count="0" type="stmt"/>
        <line num="4" count="0" type="stmt"/>
        <line num="12" count="0" type="stmt"/>
        <line num="13" count="0" type="stmt"/>
        <line num="21" count="0" type="stmt"/>
        <line num="22" count="0" type="stmt"/>
      </file>
    </package>
    <package name="src.common.prisma">
      <metrics statements="5" coveredstatements="4" conditionals="0" coveredconditionals="0" methods="0" coveredmethods="0"/>
      <file name="init.prisma.js" path="/Users/vtu/Documents/CyberSoft/NodeJS/class-demo/cybersoft-nodejs-51/exercises/express-js/src/common/prisma/init.prisma.js">
        <metrics statements="5" coveredstatements="4" conditionals="0" coveredconditionals="0" methods="0" coveredmethods="0"/>
        <line num="3" count="1" type="stmt"/>
        <line num="5" count="1" type="stmt"/>
        <line num="6" count="1" type="stmt"/>
        <line num="7" count="1" type="stmt"/>
        <line num="9" count="0" type="stmt"/>
      </file>
    </package>
    <package name="src.services">
      <metrics statements="55" coveredstatements="10" conditionals="17" coveredconditionals="1" methods="13" coveredmethods="1"/>
      <file name="auth.service.js" path="/Users/vtu/Documents/CyberSoft/NodeJS/class-demo/cybersoft-nodejs-51/exercises/express-js/src/services/auth.service.js">
        <metrics statements="47" coveredstatements="9" conditionals="17" coveredconditionals="1" methods="10" coveredmethods="1"/>
        <line num="7" count="1" type="stmt"/>
        <line num="9" count="0" type="stmt"/>
        <line num="12" count="0" type="stmt"/>
        <line num="15" count="0" type="stmt"/>
        <line num="18" count="0" type="stmt"/>
        <line num="21" count="0" type="stmt"/>
        <line num="24" count="1" type="stmt"/>
        <line num="26" count="1" type="stmt"/>
        <line num="33" count="1" type="cond" truecount="1" falsecount="1"/>
        <line num="34" count="0" type="stmt"/>
        <line num="37" count="1" type="stmt"/>
        <line num="39" count="1" type="stmt"/>
        <line num="46" count="1" type="stmt"/>
        <line num="48" count="1" type="stmt"/>
        <line num="50" count="1" type="stmt"/>
        <line num="54" count="0" type="stmt"/>
        <line num="56" count="0" type="stmt"/>
        <line num="62" count="0" type="cond" truecount="0" falsecount="2"/>
        <line num="68" count="0" type="cond" truecount="0" falsecount="2"/>
        <line num="69" count="0" type="stmt"/>
        <line num="74" count="0" type="stmt"/>
        <line num="75" count="0" type="cond" truecount="0" falsecount="2"/>
        <line num="79" count="0" type="stmt"/>
        <line num="81" count="0" type="stmt"/>
        <line num="91" count="0" type="stmt"/>
        <line num="95" count="0" type="stmt"/>
        <line num="96" count="0" type="stmt"/>
        <line num="100" count="0" type="stmt"/>
        <line num="101" count="0" type="stmt"/>
        <line num="104" count="0" type="stmt"/>
        <line num="107" count="0" type="stmt"/>
        <line num="110" count="0" type="cond" truecount="0" falsecount="2"/>
        <line num="111" count="0" type="stmt"/>
        <line num="113" count="0" type="stmt"/>
        <line num="120" count="0" type="cond" truecount="0" falsecount="2"/>
        <line num="122" count="0" type="stmt"/>
        <line num="123" count="0" type="stmt"/>
        <line num="127" count="0" type="stmt"/>
        <line num="128" count="0" type="stmt"/>
        <line num="130" count="0" type="cond" truecount="0" falsecount="5"/>
        <line num="131" count="0" type="stmt"/>
        <line num="134" count="0" type="stmt"/>
        <line num="136" count="0" type="stmt"/>
        <line num="138" count="0" type="stmt"/>
        <line num="143" count="0" type="stmt"/>
        <line num="145" count="0" type="stmt"/>
        <line num="148" count="0" type="stmt"/>
      </file>
      <file name="token.service.js" path="/Users/vtu/Documents/CyberSoft/NodeJS/class-demo/cybersoft-nodejs-51/exercises/express-js/src/services/token.service.js">
        <metrics statements="8" coveredstatements="1" conditionals="0" coveredconditionals="0" methods="3" coveredmethods="0"/>
        <line num="9" count="1" type="stmt"/>
        <line num="11" count="0" type="stmt"/>
        <line num="16" count="0" type="stmt"/>
        <line num="20" count="0" type="stmt"/>
        <line num="27" count="0" type="stmt"/>
        <line num="28" count="0" type="stmt"/>
        <line num="32" count="0" type="stmt"/>
        <line num="33" count="0" type="stmt"/>
      </file>
    </package>
  </project>
</coverage>
